<?xml version="1.0" encoding="UTF-8"?>
<!-- Generated by org.testng.reporters.JUnitXMLReporter -->
<testsuite ignored="0" hostname="BDC14-L-F27H460" failures="1" tests="1" name="Test" time="57.191" errors="0" timestamp="2023-04-11T12:38:55 IST">
  <testcase classname="compliance.Functional.DNSHeaders" name="SecurityHeaders" time="16.611">
    <failure type="java.lang.AssertionError" message="did not expect to find [true] but found [false]">
      <![CDATA[java.lang.AssertionError: did not expect to find [true] but found [false]
at compliance.PageObjMethods.DNS_Headers.VerifySecurityHeaders(DNS_Headers.java:68)
at compliance.Functional.DNSHeaders.SecurityHeaders(DNSHeaders.java:54)
at java.base/java.util.ArrayList.forEach(ArrayList.java:1511)
... Removed 31 stack frames]]>
    </failure>
  </testcase> <!-- SecurityHeaders -->
</testsuite> <!-- Test -->
